# JRE version: Java(TM) SE Runtime Environment (21.0.2+13) (build 21.0.2+13-LTS-58)
# Java VM: Java HotSpot(TM) 64-Bit Server VM (21.0.2+13-LTS-58, mixed mode, sharing, tiered, compressed oops, compressed class ptrs, g1 gc, windows-amd64)
GC Precious Log:
 CardTable entry size: 512
 Card Set container configuration: InlinePtr #cards 5 size 8 Array Of Cards #cards 12 size 40 Howl #buckets 4 coarsen threshold 1843 Howl Bitmap #cards 512 size 80 coarsen threshold 460 Card regions per heap region 1 cards per card region 2048
 CPUs: 16 total, 16 available
 Memory: 15775M
 Large Page Support: Disabled
 NUMA Support: Disabled
 Compressed Oops: Enabled (32-bit)
 Heap Region Size: 1M
 Heap Min Capacity: 8M
 Heap Initial Capacity: 248M
 Heap Max Capacity: 2G
 Pre-touch: Disabled
 Parallel Workers: 13
 Concurrent Workers: 3
 Concurrent Refinement Workers: 13
 Periodic GC: Disabled
Heap:
 garbage-first heap   total 263168K, used 142786K [0x0000000080000000, 0x0000000100000000)
  region size 1024K, 10 young (10240K), 10 survivors (10240K)
 Metaspace       used 102019K, committed 104256K, reserved 1179648K
  class space    used 13873K, committed 14976K, reserved 1048576K
GC Heap History (20 events):
Event: 10.006 GC heap after
{Heap after GC invocations=25 (full 0):
 garbage-first heap   total 142336K, used 84671K [0x0000000080000000, 0x0000000100000000)
  region size 1024K, 4 young (4096K), 4 survivors (4096K)
 Metaspace       used 83179K, committed 85312K, reserved 1179648K
  class space    used 11796K, committed 12864K, reserved 1048576K
}
Event: 10.373 GC heap before
{Heap before GC invocations=25 (full 0):
 garbage-first heap   total 142336K, used 128703K [0x0000000080000000, 0x0000000100000000)
  region size 1024K, 47 young (48128K), 4 survivors (4096K)
 Metaspace       used 86969K, committed 89216K, reserved 1179648K
  class space    used 12324K, committed 13440K, reserved 1048576K
}
Event: 10.377 GC heap after
{Heap after GC invocations=26 (full 0):
 garbage-first heap   total 142336K, used 86438K [0x0000000080000000, 0x0000000100000000)
  region size 1024K, 6 young (6144K), 6 survivors (6144K)
 Metaspace       used 86969K, committed 89216K, reserved 1179648K
  class space    used 12324K, committed 13440K, reserved 1048576K
}
Event: 10.659 GC heap before
{Heap before GC invocations=26 (full 0):
 garbage-first heap   total 142336K, used 127398K [0x0000000080000000, 0x0000000100000000)
  region size 1024K, 46 young (47104K), 6 survivors (6144K)
 Metaspace       used 89579K, committed 91712K, reserved 1179648K
  class space    used 12625K, committed 13696K, reserved 1048576K
}
Event: 10.663 GC heap after
{Heap after GC invocations=27 (full 0):
 garbage-first heap   total 171008K, used 89652K [0x0000000080000000, 0x0000000100000000)
  region size 1024K, 6 young (6144K), 6 survivors (6144K)
 Metaspace       used 89579K, committed 91712K, reserved 1179648K
  class space    used 12625K, committed 13696K, reserved 1048576K
}
Event: 11.148 GC heap before
{Heap before GC invocations=28 (full 0):
 garbage-first heap   total 171008K, used 159284K [0x0000000080000000, 0x0000000100000000)
  region size 1024K, 70 young (71680K), 6 survivors (6144K)
 Metaspace       used 93938K, committed 96064K, reserved 1179648K
  class space    used 13131K, committed 14208K, reserved 1048576K
}
Event: 11.154 GC heap after
{Heap after GC invocations=29 (full 0):
 garbage-first heap   total 174080K, used 96746K [0x0000000080000000, 0x0000000100000000)
  region size 1024K, 9 young (9216K), 9 survivors (9216K)
 Metaspace       used 93938K, committed 96064K, reserved 1179648K
  class space    used 13131K, committed 14208K, reserved 1048576K
}
Event: 11.351 GC heap before
{Heap before GC invocations=29 (full 0):
 garbage-first heap   total 174080K, used 154090K [0x0000000080000000, 0x0000000100000000)
  region size 1024K, 66 young (67584K), 9 survivors (9216K)
 Metaspace       used 94707K, committed 96960K, reserved 1179648K
  class space    used 13230K, committed 14336K, reserved 1048576K
}
Event: 11.357 GC heap after
{Heap after GC invocations=30 (full 0):
 garbage-first heap   total 174080K, used 97509K [0x0000000080000000, 0x0000000100000000)
  region size 1024K, 5 young (5120K), 5 survivors (5120K)
 Metaspace       used 94707K, committed 96960K, reserved 1179648K
  class space    used 13230K, committed 14336K, reserved 1048576K
}
Event: 11.795 GC heap before
{Heap before GC invocations=30 (full 0):
 garbage-first heap   total 174080K, used 131301K [0x0000000080000000, 0x0000000100000000)
  region size 1024K, 40 young (40960K), 5 survivors (5120K)
 Metaspace       used 96194K, committed 98432K, reserved 1179648K
  class space    used 13357K, committed 14464K, reserved 1048576K
}
Event: 11.799 GC heap after
{Heap after GC invocations=31 (full 0):
 garbage-first heap   total 174080K, used 106496K [0x0000000080000000, 0x0000000100000000)
  region size 1024K, 8 young (8192K), 8 survivors (8192K)
 Metaspace       used 96194K, committed 98432K, reserved 1179648K
  class space    used 13357K, committed 14464K, reserved 1048576K
}
Event: 12.299 GC heap before
{Heap before GC invocations=32 (full 0):
 garbage-first heap   total 206848K, used 171008K [0x0000000080000000, 0x0000000100000000)
  region size 1024K, 55 young (56320K), 8 survivors (8192K)
 Metaspace       used 96788K, committed 99072K, reserved 1179648K
  class space    used 13405K, committed 14528K, reserved 1048576K
}
Event: 12.308 GC heap after
{Heap after GC invocations=33 (full 0):
 garbage-first heap   total 206848K, used 126630K [0x0000000080000000, 0x0000000100000000)
  region size 1024K, 7 young (7168K), 7 survivors (7168K)
 Metaspace       used 96788K, committed 99072K, reserved 1179648K
  class space    used 13405K, committed 14528K, reserved 1048576K
}
Event: 12.688 GC heap before
{Heap before GC invocations=33 (full 0):
 garbage-first heap   total 206848K, used 189094K [0x0000000080000000, 0x0000000100000000)
  region size 1024K, 54 young (55296K), 7 survivors (7168K)
 Metaspace       used 97271K, committed 99520K, reserved 1179648K
  class space    used 13437K, committed 14528K, reserved 1048576K
}
Event: 12.695 GC heap after
{Heap after GC invocations=34 (full 0):
 garbage-first heap   total 206848K, used 130560K [0x0000000080000000, 0x0000000100000000)
  region size 1024K, 5 young (5120K), 5 survivors (5120K)
 Metaspace       used 97271K, committed 99520K, reserved 1179648K
  class space    used 13437K, committed 14528K, reserved 1048576K
}
Event: 12.851 GC heap before
{Heap before GC invocations=34 (full 0):
 garbage-first heap   total 206848K, used 177664K [0x0000000080000000, 0x0000000100000000)
  region size 1024K, 52 young (53248K), 5 survivors (5120K)
 Metaspace       used 100133K, committed 102336K, reserved 1179648K
  class space    used 13596K, committed 14720K, reserved 1048576K
}
Event: 12.857 GC heap after
{Heap after GC invocations=35 (full 0):
 garbage-first heap   total 206848K, used 138240K [0x0000000080000000, 0x0000000100000000)
  region size 1024K, 7 young (7168K), 7 survivors (7168K)
 Metaspace       used 100133K, committed 102336K, reserved 1179648K
  class space    used 13596K, committed 14720K, reserved 1048576K
}
Event: 12.986 GC heap before
{Heap before GC invocations=36 (full 0):
 garbage-first heap   total 260096K, used 182272K [0x0000000080000000, 0x0000000100000000)
  region size 1024K, 51 young (52224K), 7 survivors (7168K)
 Metaspace       used 100955K, committed 103232K, reserved 1179648K
  class space    used 13728K, committed 14848K, reserved 1048576K
}
Event: 12.992 GC heap after
{Heap after GC invocations=37 (full 0):
 garbage-first heap   total 260096K, used 142029K [0x0000000080000000, 0x0000000100000000)
  region size 1024K, 4 young (4096K), 4 survivors (4096K)
 Metaspace       used 100955K, committed 103232K, reserved 1179648K
  class space    used 13728K, committed 14848K, reserved 1048576K
}
Event: 13.203 GC heap before
{Heap before GC invocations=37 (full 0):
 garbage-first heap   total 260096K, used 215757K [0x0000000080000000, 0x0000000100000000)
  region size 1024K, 77 young (78848K), 4 survivors (4096K)
 Metaspace       used 102019K, committed 104256K, reserved 1179648K
  class space    used 13873K, committed 14976K, reserved 1048576K
}

